<?xml version="1.0" encoding="UTF-8"?>
<testsuite xmlns:xsi="http://www.w3.org/2001/XMLSchema-instance" xsi:noNamespaceSchemaLocation="https://maven.apache.org/surefire/maven-surefire-plugin/xsd/surefire-test-report.xsd" name="com.example.esdemo.EsDemoApplicationTests" time="10.452" tests="11" errors="10" skipped="0" failures="0">
  <properties>
    <property name="sun.desktop" value="windows"/>
    <property name="awt.toolkit" value="sun.awt.windows.WToolkit"/>
    <property name="java.specification.version" value="9"/>
    <property name="file.encoding.pkg" value="sun.io"/>
    <property name="sun.cpu.isalist" value="amd64"/>
    <property name="sun.jnu.encoding" value="GBK"/>
    <property name="java.class.path" value="D:\code\study\es-demo\target\test-classes;D:\code\study\es-demo\target\classes;D:\soft\maven\repository\org\springframework\boot\spring-boot-starter-data-elasticsearch\2.4.5\spring-boot-starter-data-elasticsearch-2.4.5.jar;D:\soft\maven\repository\org\springframework\boot\spring-boot-starter\2.4.5\spring-boot-starter-2.4.5.jar;D:\soft\maven\repository\org\springframework\boot\spring-boot-starter-logging\2.4.5\spring-boot-starter-logging-2.4.5.jar;D:\soft\maven\repository\ch\qos\logback\logback-classic\1.2.3\logback-classic-1.2.3.jar;D:\soft\maven\repository\ch\qos\logback\logback-core\1.2.3\logback-core-1.2.3.jar;D:\soft\maven\repository\org\apache\logging\log4j\log4j-to-slf4j\2.13.3\log4j-to-slf4j-2.13.3.jar;D:\soft\maven\repository\org\apache\logging\log4j\log4j-api\2.13.3\log4j-api-2.13.3.jar;D:\soft\maven\repository\org\slf4j\jul-to-slf4j\1.7.30\jul-to-slf4j-1.7.30.jar;D:\soft\maven\repository\jakarta\annotation\jakarta.annotation-api\1.3.5\jakarta.annotation-api-1.3.5.jar;D:\soft\maven\repository\org\yaml\snakeyaml\1.27\snakeyaml-1.27.jar;D:\soft\maven\repository\org\springframework\data\spring-data-elasticsearch\4.1.8\spring-data-elasticsearch-4.1.8.jar;D:\soft\maven\repository\org\springframework\spring-context\5.3.6\spring-context-5.3.6.jar;D:\soft\maven\repository\org\springframework\spring-tx\5.3.6\spring-tx-5.3.6.jar;D:\soft\maven\repository\org\springframework\data\spring-data-commons\2.4.8\spring-data-commons-2.4.8.jar;D:\soft\maven\repository\org\elasticsearch\plugin\transport-netty4-client\7.9.3\transport-netty4-client-7.9.3.jar;D:\soft\maven\repository\io\netty\netty-buffer\4.1.63.Final\netty-buffer-4.1.63.Final.jar;D:\soft\maven\repository\io\netty\netty-codec\4.1.63.Final\netty-codec-4.1.63.Final.jar;D:\soft\maven\repository\io\netty\netty-codec-http\4.1.63.Final\netty-codec-http-4.1.63.Final.jar;D:\soft\maven\repository\io\netty\netty-common\4.1.63.Final\netty-common-4.1.63.Final.jar;D:\soft\maven\repository\io\netty\netty-handler\4.1.63.Final\netty-handler-4.1.63.Final.jar;D:\soft\maven\repository\io\netty\netty-resolver\4.1.63.Final\netty-resolver-4.1.63.Final.jar;D:\soft\maven\repository\io\netty\netty-transport\4.1.63.Final\netty-transport-4.1.63.Final.jar;D:\soft\maven\repository\org\elasticsearch\client\elasticsearch-rest-high-level-client\7.9.3\elasticsearch-rest-high-level-client-7.9.3.jar;D:\soft\maven\repository\org\elasticsearch\elasticsearch\7.9.3\elasticsearch-7.9.3.jar;D:\soft\maven\repository\org\elasticsearch\elasticsearch-core\7.9.3\elasticsearch-core-7.9.3.jar;D:\soft\maven\repository\org\elasticsearch\elasticsearch-secure-sm\7.9.3\elasticsearch-secure-sm-7.9.3.jar;D:\soft\maven\repository\org\elasticsearch\elasticsearch-x-content\7.9.3\elasticsearch-x-content-7.9.3.jar;D:\soft\maven\repository\com\fasterxml\jackson\dataformat\jackson-dataformat-smile\2.11.4\jackson-dataformat-smile-2.11.4.jar;D:\soft\maven\repository\com\fasterxml\jackson\dataformat\jackson-dataformat-yaml\2.11.4\jackson-dataformat-yaml-2.11.4.jar;D:\soft\maven\repository\com\fasterxml\jackson\dataformat\jackson-dataformat-cbor\2.11.4\jackson-dataformat-cbor-2.11.4.jar;D:\soft\maven\repository\org\elasticsearch\elasticsearch-geo\7.9.3\elasticsearch-geo-7.9.3.jar;D:\soft\maven\repository\org\apache\lucene\lucene-core\8.6.2\lucene-core-8.6.2.jar;D:\soft\maven\repository\org\apache\lucene\lucene-analyzers-common\8.6.2\lucene-analyzers-common-8.6.2.jar;D:\soft\maven\repository\org\apache\lucene\lucene-backward-codecs\8.6.2\lucene-backward-codecs-8.6.2.jar;D:\soft\maven\repository\org\apache\lucene\lucene-grouping\8.6.2\lucene-grouping-8.6.2.jar;D:\soft\maven\repository\org\apache\lucene\lucene-highlighter\8.6.2\lucene-highlighter-8.6.2.jar;D:\soft\maven\repository\org\apache\lucene\lucene-join\8.6.2\lucene-join-8.6.2.jar;D:\soft\maven\repository\org\apache\lucene\lucene-memory\8.6.2\lucene-memory-8.6.2.jar;D:\soft\maven\repository\org\apache\lucene\lucene-misc\8.6.2\lucene-misc-8.6.2.jar;D:\soft\maven\repository\org\apache\lucene\lucene-queries\8.6.2\lucene-queries-8.6.2.jar;D:\soft\maven\repository\org\apache\lucene\lucene-queryparser\8.6.2\lucene-queryparser-8.6.2.jar;D:\soft\maven\repository\org\apache\lucene\lucene-sandbox\8.6.2\lucene-sandbox-8.6.2.jar;D:\soft\maven\repository\org\apache\lucene\lucene-spatial-extras\8.6.2\lucene-spatial-extras-8.6.2.jar;D:\soft\maven\repository\org\apache\lucene\lucene-spatial3d\8.6.2\lucene-spatial3d-8.6.2.jar;D:\soft\maven\repository\org\apache\lucene\lucene-suggest\8.6.2\lucene-suggest-8.6.2.jar;D:\soft\maven\repository\org\elasticsearch\elasticsearch-cli\7.9.3\elasticsearch-cli-7.9.3.jar;D:\soft\maven\repository\net\sf\jopt-simple\jopt-simple\5.0.2\jopt-simple-5.0.2.jar;D:\soft\maven\repository\com\carrotsearch\hppc\0.8.1\hppc-0.8.1.jar;D:\soft\maven\repository\joda-time\joda-time\2.10.4\joda-time-2.10.4.jar;D:\soft\maven\repository\com\tdunning\t-digest\3.2\t-digest-3.2.jar;D:\soft\maven\repository\org\hdrhistogram\HdrHistogram\2.1.9\HdrHistogram-2.1.9.jar;D:\soft\maven\repository\org\elasticsearch\jna\5.5.0\jna-5.5.0.jar;D:\soft\maven\repository\org\elasticsearch\client\elasticsearch-rest-client\7.9.3\elasticsearch-rest-client-7.9.3.jar;D:\soft\maven\repository\org\apache\httpcomponents\httpclient\4.5.13\httpclient-4.5.13.jar;D:\soft\maven\repository\org\apache\httpcomponents\httpcore\4.4.14\httpcore-4.4.14.jar;D:\soft\maven\repository\org\apache\httpcomponents\httpasyncclient\4.1.4\httpasyncclient-4.1.4.jar;D:\soft\maven\repository\org\apache\httpcomponents\httpcore-nio\4.4.14\httpcore-nio-4.4.14.jar;D:\soft\maven\repository\commons-codec\commons-codec\1.15\commons-codec-1.15.jar;D:\soft\maven\repository\org\elasticsearch\plugin\mapper-extras-client\7.9.3\mapper-extras-client-7.9.3.jar;D:\soft\maven\repository\org\elasticsearch\plugin\parent-join-client\7.9.3\parent-join-client-7.9.3.jar;D:\soft\maven\repository\org\elasticsearch\plugin\aggs-matrix-stats-client\7.9.3\aggs-matrix-stats-client-7.9.3.jar;D:\soft\maven\repository\org\elasticsearch\plugin\rank-eval-client\7.9.3\rank-eval-client-7.9.3.jar;D:\soft\maven\repository\org\elasticsearch\plugin\lang-mustache-client\7.9.3\lang-mustache-client-7.9.3.jar;D:\soft\maven\repository\com\github\spullara\mustache\java\compiler\0.9.6\compiler-0.9.6.jar;D:\soft\maven\repository\com\fasterxml\jackson\core\jackson-core\2.11.4\jackson-core-2.11.4.jar;D:\soft\maven\repository\com\fasterxml\jackson\core\jackson-databind\2.11.4\jackson-databind-2.11.4.jar;D:\soft\maven\repository\com\fasterxml\jackson\core\jackson-annotations\2.11.4\jackson-annotations-2.11.4.jar;D:\soft\maven\repository\org\slf4j\slf4j-api\1.7.30\slf4j-api-1.7.30.jar;D:\soft\maven\repository\org\springframework\boot\spring-boot-starter-web\2.4.5\spring-boot-starter-web-2.4.5.jar;D:\soft\maven\repository\org\springframework\boot\spring-boot-starter-json\2.4.5\spring-boot-starter-json-2.4.5.jar;D:\soft\maven\repository\com\fasterxml\jackson\datatype\jackson-datatype-jdk8\2.11.4\jackson-datatype-jdk8-2.11.4.jar;D:\soft\maven\repository\com\fasterxml\jackson\datatype\jackson-datatype-jsr310\2.11.4\jackson-datatype-jsr310-2.11.4.jar;D:\soft\maven\repository\com\fasterxml\jackson\module\jackson-module-parameter-names\2.11.4\jackson-module-parameter-names-2.11.4.jar;D:\soft\maven\repository\org\springframework\boot\spring-boot-starter-tomcat\2.4.5\spring-boot-starter-tomcat-2.4.5.jar;D:\soft\maven\repository\org\apache\tomcat\embed\tomcat-embed-core\9.0.45\tomcat-embed-core-9.0.45.jar;D:\soft\maven\repository\org\glassfish\jakarta.el\3.0.3\jakarta.el-3.0.3.jar;D:\soft\maven\repository\org\apache\tomcat\embed\tomcat-embed-websocket\9.0.45\tomcat-embed-websocket-9.0.45.jar;D:\soft\maven\repository\org\springframework\spring-web\5.3.6\spring-web-5.3.6.jar;D:\soft\maven\repository\org\springframework\spring-beans\5.3.6\spring-beans-5.3.6.jar;D:\soft\maven\repository\org\springframework\spring-webmvc\5.3.6\spring-webmvc-5.3.6.jar;D:\soft\maven\repository\org\springframework\spring-aop\5.3.6\spring-aop-5.3.6.jar;D:\soft\maven\repository\org\springframework\spring-expression\5.3.6\spring-expression-5.3.6.jar;D:\soft\maven\repository\org\springframework\boot\spring-boot-devtools\2.4.5\spring-boot-devtools-2.4.5.jar;D:\soft\maven\repository\org\springframework\boot\spring-boot\2.4.5\spring-boot-2.4.5.jar;D:\soft\maven\repository\org\springframework\boot\spring-boot-autoconfigure\2.4.5\spring-boot-autoconfigure-2.4.5.jar;D:\soft\maven\repository\org\springframework\boot\spring-boot-configuration-processor\2.4.5\spring-boot-configuration-processor-2.4.5.jar;D:\soft\maven\repository\org\projectlombok\lombok\1.18.20\lombok-1.18.20.jar;D:\soft\maven\repository\org\springframework\boot\spring-boot-starter-test\2.4.5\spring-boot-starter-test-2.4.5.jar;D:\soft\maven\repository\org\springframework\boot\spring-boot-test\2.4.5\spring-boot-test-2.4.5.jar;D:\soft\maven\repository\org\springframework\boot\spring-boot-test-autoconfigure\2.4.5\spring-boot-test-autoconfigure-2.4.5.jar;D:\soft\maven\repository\com\jayway\jsonpath\json-path\2.4.0\json-path-2.4.0.jar;D:\soft\maven\repository\net\minidev\json-smart\2.3\json-smart-2.3.jar;D:\soft\maven\repository\net\minidev\accessors-smart\1.2\accessors-smart-1.2.jar;D:\soft\maven\repository\org\ow2\asm\asm\5.0.4\asm-5.0.4.jar;D:\soft\maven\repository\jakarta\xml\bind\jakarta.xml.bind-api\2.3.3\jakarta.xml.bind-api-2.3.3.jar;D:\soft\maven\repository\jakarta\activation\jakarta.activation-api\1.2.2\jakarta.activation-api-1.2.2.jar;D:\soft\maven\repository\org\assertj\assertj-core\3.18.1\assertj-core-3.18.1.jar;D:\soft\maven\repository\org\hamcrest\hamcrest\2.2\hamcrest-2.2.jar;D:\soft\maven\repository\org\junit\jupiter\junit-jupiter\5.7.1\junit-jupiter-5.7.1.jar;D:\soft\maven\repository\org\junit\jupiter\junit-jupiter-api\5.7.1\junit-jupiter-api-5.7.1.jar;D:\soft\maven\repository\org\apiguardian\apiguardian-api\1.1.0\apiguardian-api-1.1.0.jar;D:\soft\maven\repository\org\opentest4j\opentest4j\1.2.0\opentest4j-1.2.0.jar;D:\soft\maven\repository\org\junit\platform\junit-platform-commons\1.7.1\junit-platform-commons-1.7.1.jar;D:\soft\maven\repository\org\junit\jupiter\junit-jupiter-params\5.7.1\junit-jupiter-params-5.7.1.jar;D:\soft\maven\repository\org\junit\jupiter\junit-jupiter-engine\5.7.1\junit-jupiter-engine-5.7.1.jar;D:\soft\maven\repository\org\junit\platform\junit-platform-engine\1.7.1\junit-platform-engine-1.7.1.jar;D:\soft\maven\repository\org\mockito\mockito-core\3.6.28\mockito-core-3.6.28.jar;D:\soft\maven\repository\net\bytebuddy\byte-buddy\1.10.22\byte-buddy-1.10.22.jar;D:\soft\maven\repository\net\bytebuddy\byte-buddy-agent\1.10.22\byte-buddy-agent-1.10.22.jar;D:\soft\maven\repository\org\objenesis\objenesis\3.1\objenesis-3.1.jar;D:\soft\maven\repository\org\mockito\mockito-junit-jupiter\3.6.28\mockito-junit-jupiter-3.6.28.jar;D:\soft\maven\repository\org\skyscreamer\jsonassert\1.5.0\jsonassert-1.5.0.jar;D:\soft\maven\repository\com\vaadin\external\google\android-json\0.0.20131108.vaadin1\android-json-0.0.20131108.vaadin1.jar;D:\soft\maven\repository\org\springframework\spring-core\5.3.6\spring-core-5.3.6.jar;D:\soft\maven\repository\org\springframework\spring-jcl\5.3.6\spring-jcl-5.3.6.jar;D:\soft\maven\repository\org\springframework\spring-test\5.3.6\spring-test-5.3.6.jar;D:\soft\maven\repository\org\xmlunit\xmlunit-core\2.7.0\xmlunit-core-2.7.0.jar;D:\soft\maven\repository\com\alibaba\fastjson\1.2.75\fastjson-1.2.75.jar;D:\soft\maven\repository\com\google\guava\guava\18.0\guava-18.0.jar;D:\soft\maven\repository\junit\junit\4.13.2\junit-4.13.2.jar;D:\soft\maven\repository\org\hamcrest\hamcrest-core\2.2\hamcrest-core-2.2.jar;"/>
    <property name="java.vm.vendor" value="Oracle Corporation"/>
    <property name="sun.arch.data.model" value="64"/>
    <property name="user.variant" value=""/>
    <property name="java.vendor.url" value="http://java.oracle.com/"/>
    <property name="user.timezone" value="Asia/Shanghai"/>
    <property name="java.vm.specification.version" value="9"/>
    <property name="os.name" value="Windows 10"/>
    <property name="sun.java.launcher" value="SUN_STANDARD"/>
    <property name="user.country" value="CN"/>
    <property name="sun.boot.library.path" value="C:\Program Files\Java\jdk-9\bin"/>
    <property name="sun.java.command" value="C:\Users\ADMINI~1\AppData\Local\Temp\surefire2477827628413299554\surefirebooter12707262037050686302.jar C:\Users\Administrator\AppData\Local\Temp\surefire2477827628413299554 2022-08-12T04-22-14_408-jvmRun1 surefire1051076917933502782tmp surefire_04417815349437299346tmp"/>
    <property name="jdk.debug" value="release"/>
    <property name="surefire.test.class.path" value="D:\code\study\es-demo\target\test-classes;D:\code\study\es-demo\target\classes;D:\soft\maven\repository\org\springframework\boot\spring-boot-starter-data-elasticsearch\2.4.5\spring-boot-starter-data-elasticsearch-2.4.5.jar;D:\soft\maven\repository\org\springframework\boot\spring-boot-starter\2.4.5\spring-boot-starter-2.4.5.jar;D:\soft\maven\repository\org\springframework\boot\spring-boot-starter-logging\2.4.5\spring-boot-starter-logging-2.4.5.jar;D:\soft\maven\repository\ch\qos\logback\logback-classic\1.2.3\logback-classic-1.2.3.jar;D:\soft\maven\repository\ch\qos\logback\logback-core\1.2.3\logback-core-1.2.3.jar;D:\soft\maven\repository\org\apache\logging\log4j\log4j-to-slf4j\2.13.3\log4j-to-slf4j-2.13.3.jar;D:\soft\maven\repository\org\apache\logging\log4j\log4j-api\2.13.3\log4j-api-2.13.3.jar;D:\soft\maven\repository\org\slf4j\jul-to-slf4j\1.7.30\jul-to-slf4j-1.7.30.jar;D:\soft\maven\repository\jakarta\annotation\jakarta.annotation-api\1.3.5\jakarta.annotation-api-1.3.5.jar;D:\soft\maven\repository\org\yaml\snakeyaml\1.27\snakeyaml-1.27.jar;D:\soft\maven\repository\org\springframework\data\spring-data-elasticsearch\4.1.8\spring-data-elasticsearch-4.1.8.jar;D:\soft\maven\repository\org\springframework\spring-context\5.3.6\spring-context-5.3.6.jar;D:\soft\maven\repository\org\springframework\spring-tx\5.3.6\spring-tx-5.3.6.jar;D:\soft\maven\repository\org\springframework\data\spring-data-commons\2.4.8\spring-data-commons-2.4.8.jar;D:\soft\maven\repository\org\elasticsearch\plugin\transport-netty4-client\7.9.3\transport-netty4-client-7.9.3.jar;D:\soft\maven\repository\io\netty\netty-buffer\4.1.63.Final\netty-buffer-4.1.63.Final.jar;D:\soft\maven\repository\io\netty\netty-codec\4.1.63.Final\netty-codec-4.1.63.Final.jar;D:\soft\maven\repository\io\netty\netty-codec-http\4.1.63.Final\netty-codec-http-4.1.63.Final.jar;D:\soft\maven\repository\io\netty\netty-common\4.1.63.Final\netty-common-4.1.63.Final.jar;D:\soft\maven\repository\io\netty\netty-handler\4.1.63.Final\netty-handler-4.1.63.Final.jar;D:\soft\maven\repository\io\netty\netty-resolver\4.1.63.Final\netty-resolver-4.1.63.Final.jar;D:\soft\maven\repository\io\netty\netty-transport\4.1.63.Final\netty-transport-4.1.63.Final.jar;D:\soft\maven\repository\org\elasticsearch\client\elasticsearch-rest-high-level-client\7.9.3\elasticsearch-rest-high-level-client-7.9.3.jar;D:\soft\maven\repository\org\elasticsearch\elasticsearch\7.9.3\elasticsearch-7.9.3.jar;D:\soft\maven\repository\org\elasticsearch\elasticsearch-core\7.9.3\elasticsearch-core-7.9.3.jar;D:\soft\maven\repository\org\elasticsearch\elasticsearch-secure-sm\7.9.3\elasticsearch-secure-sm-7.9.3.jar;D:\soft\maven\repository\org\elasticsearch\elasticsearch-x-content\7.9.3\elasticsearch-x-content-7.9.3.jar;D:\soft\maven\repository\com\fasterxml\jackson\dataformat\jackson-dataformat-smile\2.11.4\jackson-dataformat-smile-2.11.4.jar;D:\soft\maven\repository\com\fasterxml\jackson\dataformat\jackson-dataformat-yaml\2.11.4\jackson-dataformat-yaml-2.11.4.jar;D:\soft\maven\repository\com\fasterxml\jackson\dataformat\jackson-dataformat-cbor\2.11.4\jackson-dataformat-cbor-2.11.4.jar;D:\soft\maven\repository\org\elasticsearch\elasticsearch-geo\7.9.3\elasticsearch-geo-7.9.3.jar;D:\soft\maven\repository\org\apache\lucene\lucene-core\8.6.2\lucene-core-8.6.2.jar;D:\soft\maven\repository\org\apache\lucene\lucene-analyzers-common\8.6.2\lucene-analyzers-common-8.6.2.jar;D:\soft\maven\repository\org\apache\lucene\lucene-backward-codecs\8.6.2\lucene-backward-codecs-8.6.2.jar;D:\soft\maven\repository\org\apache\lucene\lucene-grouping\8.6.2\lucene-grouping-8.6.2.jar;D:\soft\maven\repository\org\apache\lucene\lucene-highlighter\8.6.2\lucene-highlighter-8.6.2.jar;D:\soft\maven\repository\org\apache\lucene\lucene-join\8.6.2\lucene-join-8.6.2.jar;D:\soft\maven\repository\org\apache\lucene\lucene-memory\8.6.2\lucene-memory-8.6.2.jar;D:\soft\maven\repository\org\apache\lucene\lucene-misc\8.6.2\lucene-misc-8.6.2.jar;D:\soft\maven\repository\org\apache\lucene\lucene-queries\8.6.2\lucene-queries-8.6.2.jar;D:\soft\maven\repository\org\apache\lucene\lucene-queryparser\8.6.2\lucene-queryparser-8.6.2.jar;D:\soft\maven\repository\org\apache\lucene\lucene-sandbox\8.6.2\lucene-sandbox-8.6.2.jar;D:\soft\maven\repository\org\apache\lucene\lucene-spatial-extras\8.6.2\lucene-spatial-extras-8.6.2.jar;D:\soft\maven\repository\org\apache\lucene\lucene-spatial3d\8.6.2\lucene-spatial3d-8.6.2.jar;D:\soft\maven\repository\org\apache\lucene\lucene-suggest\8.6.2\lucene-suggest-8.6.2.jar;D:\soft\maven\repository\org\elasticsearch\elasticsearch-cli\7.9.3\elasticsearch-cli-7.9.3.jar;D:\soft\maven\repository\net\sf\jopt-simple\jopt-simple\5.0.2\jopt-simple-5.0.2.jar;D:\soft\maven\repository\com\carrotsearch\hppc\0.8.1\hppc-0.8.1.jar;D:\soft\maven\repository\joda-time\joda-time\2.10.4\joda-time-2.10.4.jar;D:\soft\maven\repository\com\tdunning\t-digest\3.2\t-digest-3.2.jar;D:\soft\maven\repository\org\hdrhistogram\HdrHistogram\2.1.9\HdrHistogram-2.1.9.jar;D:\soft\maven\repository\org\elasticsearch\jna\5.5.0\jna-5.5.0.jar;D:\soft\maven\repository\org\elasticsearch\client\elasticsearch-rest-client\7.9.3\elasticsearch-rest-client-7.9.3.jar;D:\soft\maven\repository\org\apache\httpcomponents\httpclient\4.5.13\httpclient-4.5.13.jar;D:\soft\maven\repository\org\apache\httpcomponents\httpcore\4.4.14\httpcore-4.4.14.jar;D:\soft\maven\repository\org\apache\httpcomponents\httpasyncclient\4.1.4\httpasyncclient-4.1.4.jar;D:\soft\maven\repository\org\apache\httpcomponents\httpcore-nio\4.4.14\httpcore-nio-4.4.14.jar;D:\soft\maven\repository\commons-codec\commons-codec\1.15\commons-codec-1.15.jar;D:\soft\maven\repository\org\elasticsearch\plugin\mapper-extras-client\7.9.3\mapper-extras-client-7.9.3.jar;D:\soft\maven\repository\org\elasticsearch\plugin\parent-join-client\7.9.3\parent-join-client-7.9.3.jar;D:\soft\maven\repository\org\elasticsearch\plugin\aggs-matrix-stats-client\7.9.3\aggs-matrix-stats-client-7.9.3.jar;D:\soft\maven\repository\org\elasticsearch\plugin\rank-eval-client\7.9.3\rank-eval-client-7.9.3.jar;D:\soft\maven\repository\org\elasticsearch\plugin\lang-mustache-client\7.9.3\lang-mustache-client-7.9.3.jar;D:\soft\maven\repository\com\github\spullara\mustache\java\compiler\0.9.6\compiler-0.9.6.jar;D:\soft\maven\repository\com\fasterxml\jackson\core\jackson-core\2.11.4\jackson-core-2.11.4.jar;D:\soft\maven\repository\com\fasterxml\jackson\core\jackson-databind\2.11.4\jackson-databind-2.11.4.jar;D:\soft\maven\repository\com\fasterxml\jackson\core\jackson-annotations\2.11.4\jackson-annotations-2.11.4.jar;D:\soft\maven\repository\org\slf4j\slf4j-api\1.7.30\slf4j-api-1.7.30.jar;D:\soft\maven\repository\org\springframework\boot\spring-boot-starter-web\2.4.5\spring-boot-starter-web-2.4.5.jar;D:\soft\maven\repository\org\springframework\boot\spring-boot-starter-json\2.4.5\spring-boot-starter-json-2.4.5.jar;D:\soft\maven\repository\com\fasterxml\jackson\datatype\jackson-datatype-jdk8\2.11.4\jackson-datatype-jdk8-2.11.4.jar;D:\soft\maven\repository\com\fasterxml\jackson\datatype\jackson-datatype-jsr310\2.11.4\jackson-datatype-jsr310-2.11.4.jar;D:\soft\maven\repository\com\fasterxml\jackson\module\jackson-module-parameter-names\2.11.4\jackson-module-parameter-names-2.11.4.jar;D:\soft\maven\repository\org\springframework\boot\spring-boot-starter-tomcat\2.4.5\spring-boot-starter-tomcat-2.4.5.jar;D:\soft\maven\repository\org\apache\tomcat\embed\tomcat-embed-core\9.0.45\tomcat-embed-core-9.0.45.jar;D:\soft\maven\repository\org\glassfish\jakarta.el\3.0.3\jakarta.el-3.0.3.jar;D:\soft\maven\repository\org\apache\tomcat\embed\tomcat-embed-websocket\9.0.45\tomcat-embed-websocket-9.0.45.jar;D:\soft\maven\repository\org\springframework\spring-web\5.3.6\spring-web-5.3.6.jar;D:\soft\maven\repository\org\springframework\spring-beans\5.3.6\spring-beans-5.3.6.jar;D:\soft\maven\repository\org\springframework\spring-webmvc\5.3.6\spring-webmvc-5.3.6.jar;D:\soft\maven\repository\org\springframework\spring-aop\5.3.6\spring-aop-5.3.6.jar;D:\soft\maven\repository\org\springframework\spring-expression\5.3.6\spring-expression-5.3.6.jar;D:\soft\maven\repository\org\springframework\boot\spring-boot-devtools\2.4.5\spring-boot-devtools-2.4.5.jar;D:\soft\maven\repository\org\springframework\boot\spring-boot\2.4.5\spring-boot-2.4.5.jar;D:\soft\maven\repository\org\springframework\boot\spring-boot-autoconfigure\2.4.5\spring-boot-autoconfigure-2.4.5.jar;D:\soft\maven\repository\org\springframework\boot\spring-boot-configuration-processor\2.4.5\spring-boot-configuration-processor-2.4.5.jar;D:\soft\maven\repository\org\projectlombok\lombok\1.18.20\lombok-1.18.20.jar;D:\soft\maven\repository\org\springframework\boot\spring-boot-starter-test\2.4.5\spring-boot-starter-test-2.4.5.jar;D:\soft\maven\repository\org\springframework\boot\spring-boot-test\2.4.5\spring-boot-test-2.4.5.jar;D:\soft\maven\repository\org\springframework\boot\spring-boot-test-autoconfigure\2.4.5\spring-boot-test-autoconfigure-2.4.5.jar;D:\soft\maven\repository\com\jayway\jsonpath\json-path\2.4.0\json-path-2.4.0.jar;D:\soft\maven\repository\net\minidev\json-smart\2.3\json-smart-2.3.jar;D:\soft\maven\repository\net\minidev\accessors-smart\1.2\accessors-smart-1.2.jar;D:\soft\maven\repository\org\ow2\asm\asm\5.0.4\asm-5.0.4.jar;D:\soft\maven\repository\jakarta\xml\bind\jakarta.xml.bind-api\2.3.3\jakarta.xml.bind-api-2.3.3.jar;D:\soft\maven\repository\jakarta\activation\jakarta.activation-api\1.2.2\jakarta.activation-api-1.2.2.jar;D:\soft\maven\repository\org\assertj\assertj-core\3.18.1\assertj-core-3.18.1.jar;D:\soft\maven\repository\org\hamcrest\hamcrest\2.2\hamcrest-2.2.jar;D:\soft\maven\repository\org\junit\jupiter\junit-jupiter\5.7.1\junit-jupiter-5.7.1.jar;D:\soft\maven\repository\org\junit\jupiter\junit-jupiter-api\5.7.1\junit-jupiter-api-5.7.1.jar;D:\soft\maven\repository\org\apiguardian\apiguardian-api\1.1.0\apiguardian-api-1.1.0.jar;D:\soft\maven\repository\org\opentest4j\opentest4j\1.2.0\opentest4j-1.2.0.jar;D:\soft\maven\repository\org\junit\platform\junit-platform-commons\1.7.1\junit-platform-commons-1.7.1.jar;D:\soft\maven\repository\org\junit\jupiter\junit-jupiter-params\5.7.1\junit-jupiter-params-5.7.1.jar;D:\soft\maven\repository\org\junit\jupiter\junit-jupiter-engine\5.7.1\junit-jupiter-engine-5.7.1.jar;D:\soft\maven\repository\org\junit\platform\junit-platform-engine\1.7.1\junit-platform-engine-1.7.1.jar;D:\soft\maven\repository\org\mockito\mockito-core\3.6.28\mockito-core-3.6.28.jar;D:\soft\maven\repository\net\bytebuddy\byte-buddy\1.10.22\byte-buddy-1.10.22.jar;D:\soft\maven\repository\net\bytebuddy\byte-buddy-agent\1.10.22\byte-buddy-agent-1.10.22.jar;D:\soft\maven\repository\org\objenesis\objenesis\3.1\objenesis-3.1.jar;D:\soft\maven\repository\org\mockito\mockito-junit-jupiter\3.6.28\mockito-junit-jupiter-3.6.28.jar;D:\soft\maven\repository\org\skyscreamer\jsonassert\1.5.0\jsonassert-1.5.0.jar;D:\soft\maven\repository\com\vaadin\external\google\android-json\0.0.20131108.vaadin1\android-json-0.0.20131108.vaadin1.jar;D:\soft\maven\repository\org\springframework\spring-core\5.3.6\spring-core-5.3.6.jar;D:\soft\maven\repository\org\springframework\spring-jcl\5.3.6\spring-jcl-5.3.6.jar;D:\soft\maven\repository\org\springframework\spring-test\5.3.6\spring-test-5.3.6.jar;D:\soft\maven\repository\org\xmlunit\xmlunit-core\2.7.0\xmlunit-core-2.7.0.jar;D:\soft\maven\repository\com\alibaba\fastjson\1.2.75\fastjson-1.2.75.jar;D:\soft\maven\repository\com\google\guava\guava\18.0\guava-18.0.jar;D:\soft\maven\repository\junit\junit\4.13.2\junit-4.13.2.jar;D:\soft\maven\repository\org\hamcrest\hamcrest-core\2.2\hamcrest-core-2.2.jar;"/>
    <property name="sun.cpu.endian" value="little"/>
    <property name="user.home" value="C:\Users\Administrator"/>
    <property name="user.language" value="zh"/>
    <property name="java.specification.vendor" value="Oracle Corporation"/>
    <property name="java.home" value="C:\Program Files\Java\jdk-9"/>
    <property name="file.separator" value="\"/>
    <property name="basedir" value="D:\code\study\es-demo"/>
    <property name="java.vm.compressedOopsMode" value="32-bit"/>
    <property name="line.separator" value="&#10;"/>
    <property name="java.vm.specification.vendor" value="Oracle Corporation"/>
    <property name="java.specification.name" value="Java Platform API Specification"/>
    <property name="java.awt.graphicsenv" value="sun.awt.Win32GraphicsEnvironment"/>
    <property name="surefire.real.class.path" value="C:\Users\ADMINI~1\AppData\Local\Temp\surefire2477827628413299554\surefirebooter12707262037050686302.jar"/>
    <property name="user.script" value=""/>
    <property name="sun.management.compiler" value="HotSpot 64-Bit Tiered Compilers"/>
    <property name="java.runtime.version" value="9+181"/>
    <property name="user.name" value="Administrator"/>
    <property name="path.separator" value=";"/>
    <property name="os.version" value="10.0"/>
    <property name="java.runtime.name" value="Java(TM) SE Runtime Environment"/>
    <property name="file.encoding" value="GBK"/>
    <property name="java.vm.name" value="Java HotSpot(TM) 64-Bit Server VM"/>
    <property name="localRepository" value="D:\soft\maven\repository"/>
    <property name="java.vendor.url.bug" value="http://bugreport.java.com/bugreport/"/>
    <property name="java.io.tmpdir" value="C:\Users\ADMINI~1\AppData\Local\Temp\"/>
    <property name="idea.version" value="2021.1.3"/>
    <property name="java.version" value="9"/>
    <property name="user.dir" value="D:\code\study\es-demo"/>
    <property name="os.arch" value="amd64"/>
    <property name="java.vm.specification.name" value="Java Virtual Machine Specification"/>
    <property name="java.awt.printerjob" value="sun.awt.windows.WPrinterJob"/>
    <property name="sun.os.patch.level" value=""/>
    <property name="java.library.path" value="C:\Program Files\Java\jdk-9\bin;C:\WINDOWS\Sun\Java\bin;C:\WINDOWS\system32;C:\WINDOWS;E:\VMware\VMware Workstation\bin\;C:\ProgramData\Oracle\Java\javapath;C:\WINDOWS\system32;C:\WINDOWS;C:\WINDOWS\System32\Wbem;C:\WINDOWS\System32\WindowsPowerShell\v1.0\;C:\WINDOWS\System32\OpenSSH\;C:\Program Files\Java\jdk-9\bin;C:\Program Files\Java\jdk-9\jre\bin;D:\soft\Bandizip\;C:\Program Files\Git\cmd;D:\soft\Xshell7\;D:\soft\Xftp7\;D:\soft\maven\apache-maven-3.8.6\bin;C:\Users\Administrator\AppData\Local\Microsoft\WindowsApps;E:\game\qqGame\QQGameTempest\Hall.57734\;;."/>
    <property name="java.vm.info" value="mixed mode"/>
    <property name="java.vendor" value="Oracle Corporation"/>
    <property name="java.vm.version" value="9+181"/>
    <property name="sun.io.unicode.encoding" value="UnicodeLittle"/>
    <property name="maven.repo.local" value="D:\soft\maven\repository"/>
    <property name="java.class.version" value="53.0"/>
  </properties>
  <testcase name="testGetDocument" classname="com.example.esdemo.EsDemoApplicationTests" time="1.04">
    <error message="Timeout connecting to [/127.0.0.1:9200]" type="java.net.ConnectException">java.net.ConnectException: Timeout connecting to [/127.0.0.1:9200]
	at com.example.esdemo.EsDemoApplicationTests.testGetDocument(EsDemoApplicationTests.java:129)
Caused by: java.net.ConnectException: Timeout connecting to [/127.0.0.1:9200]
</error>
    <system-out><![CDATA[2022-08-12 04:22:26.743  INFO 6584 --- [           main] .b.t.c.SpringBootTestContextBootstrapper : Neither @ContextConfiguration nor @ContextHierarchy found for test class [com.example.esdemo.EsDemoApplicationTests], using SpringBootContextLoader
2022-08-12 04:22:26.745  INFO 6584 --- [           main] o.s.t.c.support.AbstractContextLoader    : Could not detect default resource locations for test class [com.example.esdemo.EsDemoApplicationTests]: no resource found for suffixes {-context.xml, Context.groovy}.
2022-08-12 04:22:26.745  INFO 6584 --- [           main] t.c.s.AnnotationConfigContextLoaderUtils : Could not detect default configuration classes for test class [com.example.esdemo.EsDemoApplicationTests]: EsDemoApplicationTests does not declare any static, non-private, non-final, nested classes annotated with @Configuration.
2022-08-12 04:22:26.748  INFO 6584 --- [           main] .b.t.c.SpringBootTestContextBootstrapper : Found @SpringBootConfiguration com.example.esdemo.EsDemoApplication for test class com.example.esdemo.EsDemoApplicationTests
2022-08-12 04:22:26.751  INFO 6584 --- [           main] .b.t.c.SpringBootTestContextBootstrapper : Loaded default TestExecutionListener class names from location [META-INF/spring.factories]: [org.springframework.boot.test.mock.mockito.MockitoTestExecutionListener, org.springframework.boot.test.mock.mockito.ResetMocksTestExecutionListener, org.springframework.boot.test.autoconfigure.restdocs.RestDocsTestExecutionListener, org.springframework.boot.test.autoconfigure.web.client.MockRestServiceServerResetTestExecutionListener, org.springframework.boot.test.autoconfigure.web.servlet.MockMvcPrintOnlyOnFailureTestExecutionListener, org.springframework.boot.test.autoconfigure.web.servlet.WebDriverTestExecutionListener, org.springframework.boot.test.autoconfigure.webservices.client.MockWebServiceServerTestExecutionListener, org.springframework.test.context.web.ServletTestExecutionListener, org.springframework.test.context.support.DirtiesContextBeforeModesTestExecutionListener, org.springframework.test.context.event.ApplicationEventsTestExecutionListener, org.springframework.test.context.support.DependencyInjectionTestExecutionListener, org.springframework.test.context.support.DirtiesContextTestExecutionListener, org.springframework.test.context.transaction.TransactionalTestExecutionListener, org.springframework.test.context.jdbc.SqlScriptsTestExecutionListener, org.springframework.test.context.event.EventPublishingTestExecutionListener]
2022-08-12 04:22:26.752  INFO 6584 --- [           main] .b.t.c.SpringBootTestContextBootstrapper : Using TestExecutionListeners: [org.springframework.test.context.web.ServletTestExecutionListener@545604a9, org.springframework.test.context.support.DirtiesContextBeforeModesTestExecutionListener@1029cf9, org.springframework.test.context.event.ApplicationEventsTestExecutionListener@1c0e4262, org.springframework.boot.test.mock.mockito.MockitoTestExecutionListener@27dfd12b, org.springframework.boot.test.autoconfigure.SpringBootDependencyInjectionTestExecutionListener@4348fa35, org.springframework.test.context.support.DirtiesContextTestExecutionListener@563843f1, org.springframework.test.context.transaction.TransactionalTestExecutionListener@38cb1606, org.springframework.test.context.jdbc.SqlScriptsTestExecutionListener@61c4cebd, org.springframework.test.context.event.EventPublishingTestExecutionListener@655909e2, org.springframework.boot.test.mock.mockito.ResetMocksTestExecutionListener@716ae973, org.springframework.boot.test.autoconfigure.restdocs.RestDocsTestExecutionListener@1171ba7e, org.springframework.boot.test.autoconfigure.web.client.MockRestServiceServerResetTestExecutionListener@56872fcb, org.springframework.boot.test.autoconfigure.web.servlet.MockMvcPrintOnlyOnFailureTestExecutionListener@7b3c2ae0, org.springframework.boot.test.autoconfigure.web.servlet.WebDriverTestExecutionListener@5d3b6585, org.springframework.boot.test.autoconfigure.webservices.client.MockWebServiceServerTestExecutionListener@41059616]
]]></system-out>
  </testcase>
  <testcase name="testDeleteIndex" classname="com.example.esdemo.EsDemoApplicationTests" time="1.02">
    <error message="Timeout connecting to [/127.0.0.1:9200]" type="java.net.ConnectException">java.net.ConnectException: Timeout connecting to [/127.0.0.1:9200]
	at com.example.esdemo.EsDemoApplicationTests.testDeleteIndex(EsDemoApplicationTests.java:88)
Caused by: java.net.ConnectException: Timeout connecting to [/127.0.0.1:9200]
</error>
  </testcase>
  <testcase name="deleteDocument" classname="com.example.esdemo.EsDemoApplicationTests" time="1.02">
    <error message="Timeout connecting to [/127.0.0.1:9200]" type="java.net.ConnectException">java.net.ConnectException: Timeout connecting to [/127.0.0.1:9200]
	at com.example.esdemo.EsDemoApplicationTests.deleteDocument(EsDemoApplicationTests.java:157)
Caused by: java.net.ConnectException: Timeout connecting to [/127.0.0.1:9200]
</error>
  </testcase>
  <testcase name="testCreateIndex" classname="com.example.esdemo.EsDemoApplicationTests" time="1.09">
    <error message="Timeout connecting to [/127.0.0.1:9200]" type="java.net.ConnectException">java.net.ConnectException: Timeout connecting to [/127.0.0.1:9200]
	at com.example.esdemo.EsDemoApplicationTests.testCreateIndex(EsDemoApplicationTests.java:68)
Caused by: java.net.ConnectException: Timeout connecting to [/127.0.0.1:9200]
</error>
  </testcase>
  <testcase name="testAddDocument" classname="com.example.esdemo.EsDemoApplicationTests" time="1.101">
    <error message="Timeout connecting to [/127.0.0.1:9200]" type="java.net.ConnectException">java.net.ConnectException: Timeout connecting to [/127.0.0.1:9200]
	at com.example.esdemo.EsDemoApplicationTests.testAddDocument(EsDemoApplicationTests.java:106)
Caused by: java.net.ConnectException: Timeout connecting to [/127.0.0.1:9200]
</error>
  </testcase>
  <testcase name="testDocumentExists" classname="com.example.esdemo.EsDemoApplicationTests" time="1.033">
    <error message="Timeout connecting to [/127.0.0.1:9200]" type="java.net.ConnectException">java.net.ConnectException: Timeout connecting to [/127.0.0.1:9200]
	at com.example.esdemo.EsDemoApplicationTests.testDocumentExists(EsDemoApplicationTests.java:119)
Caused by: java.net.ConnectException: Timeout connecting to [/127.0.0.1:9200]
</error>
  </testcase>
  <testcase name="testSearchRequest" classname="com.example.esdemo.EsDemoApplicationTests" time="1.047">
    <error message="Timeout connecting to [/127.0.0.1:9200]" type="java.net.ConnectException">java.net.ConnectException: Timeout connecting to [/127.0.0.1:9200]
	at com.example.esdemo.EsDemoApplicationTests.testSearchRequest(EsDemoApplicationTests.java:228)
Caused by: java.net.ConnectException: Timeout connecting to [/127.0.0.1:9200]
</error>
  </testcase>
  <testcase name="testBulkRequest" classname="com.example.esdemo.EsDemoApplicationTests" time="1.037">
    <error message="Timeout connecting to [/127.0.0.1:9200]" type="java.net.ConnectException">java.net.ConnectException: Timeout connecting to [/127.0.0.1:9200]
	at com.example.esdemo.EsDemoApplicationTests.testBulkRequest(EsDemoApplicationTests.java:190)
Caused by: java.net.ConnectException: Timeout connecting to [/127.0.0.1:9200]
</error>
  </testcase>
  <testcase name="testUpdateDocument" classname="com.example.esdemo.EsDemoApplicationTests" time="1.026">
    <error message="Timeout connecting to [/127.0.0.1:9200]" type="java.net.ConnectException">java.net.ConnectException: Timeout connecting to [/127.0.0.1:9200]
	at com.example.esdemo.EsDemoApplicationTests.testUpdateDocument(EsDemoApplicationTests.java:145)
Caused by: java.net.ConnectException: Timeout connecting to [/127.0.0.1:9200]
</error>
  </testcase>
  <testcase name="contextLoads" classname="com.example.esdemo.EsDemoApplicationTests" time="0.007"/>
  <testcase name="testExistsIndex" classname="com.example.esdemo.EsDemoApplicationTests" time="1.012">
    <error message="Timeout connecting to [/127.0.0.1:9200]" type="java.net.ConnectException">java.net.ConnectException: Timeout connecting to [/127.0.0.1:9200]
	at com.example.esdemo.EsDemoApplicationTests.testExistsIndex(EsDemoApplicationTests.java:78)
Caused by: java.net.ConnectException: Timeout connecting to [/127.0.0.1:9200]
</error>
  </testcase>
</testsuite>